<?xml version="1.0" encoding="UTF-8"?>
<!-- Generated by org.testng.reporters.JUnitReportReporter -->
<testsuite hostname="DESKTOP-NS5AIJV" failures="0" tests="1" name="testCases.LawSuitePageTest" time="0.225" errors="0" timestamp="2023-02-24T17:15:19 IST" skipped="0">
  <testcase classname="testCases.LawSuitePageTest" name="getSizeofTheLink" time="0.225"/>
  <system-out/>
</testsuite> <!-- testCases.LawSuitePageTest -->
