<?xml version="1.0" encoding="UTF-8"?>
<!-- Generated by org.testng.reporters.JUnitReportReporter -->
<testsuite hostname="DESKTOP-NS5AIJV" failures="0" tests="1" name="testCases.DetailsPageTest" time="104.098" errors="0" timestamp="2023-02-24T17:15:19 IST" skipped="0">
  <testcase classname="testCases.DetailsPageTest" name="testDetailsOfPlaintiffAndDefendent" time="104.098"/>
  <system-out/>
</testsuite> <!-- testCases.DetailsPageTest -->
